#
# There is insufficient memory for the Java Runtime Environment to continue.
# Native memory allocation (mmap) failed to map 266338304 bytes for Failed to commit area from 0x0000000702600000 to 0x0000000712400000 of length 266338304.
# Possible reasons:
#   The system is out of physical RAM or swap space
#   The process is running with CompressedOops enabled, and the Java Heap may be blocking the growth of the native heap
# Possible solutions:
#   Reduce memory load on the system
#   Increase physical memory or swap space
#   Check if swap backing store is full
#   Decrease Java heap size (-Xmx/-Xms)
#   Decrease number of Java threads
#   Decrease Java thread stack sizes (-Xss)
#   Set larger code cache with -XX:ReservedCodeCacheSize=
# This output file may be truncated or incomplete.
#
#  Out of Memory Error (src/hotspot/os/windows/os_windows.cpp:3627), pid=4236, tid=20068
#
# JRE version:  (11.0.15) (build )
# Java VM: OpenJDK 64-Bit Server VM (11.0.15+0-b2043.56-9505619, mixed mode, sharing, tiered, compressed oops, g1 gc, windows-amd64)
# No core dump will be written. Minidumps are not enabled by default on client versions of Windows
#

---------------  S U M M A R Y ------------

Command Line: 

Host: Intel(R) Core(TM) i5-9300H CPU @ 2.40GHz, 8 cores, 15G,  Windows 11 , 64 bit Build 22621 (10.0.22621.2506)
Time: Fri Dec 22 23:33:17 2023 Egypt Standard Time elapsed time: 0.013699 seconds (0d 0h 0m 0s)

---------------  T H R E A D  ---------------

Current thread (0x00000171ceb3f800):  JavaThread "Unknown thread" [_thread_in_vm, id=20068, stack(0x000000116f500000,0x000000116f600000)]

Stack: [0x000000116f500000,0x000000116f600000]
Native frames: (J=compiled Java code, j=interpreted, Vv=VM code, C=native code)
V  [jvm.dll+0x64135a]
V  [jvm.dll+0x7d39f9]
V  [jvm.dll+0x7d51b9]
V  [jvm.dll+0x7d58a3]
V  [jvm.dll+0x2691c5]
V  [jvm.dll+0x63e4e9]
V  [jvm.dll+0x632985]
V  [jvm.dll+0x3231ac]
V  [jvm.dll+0x323032]
V  [jvm.dll+0x327c06]
V  [jvm.dll+0x36ffa2]
V  [jvm.dll+0x36fa01]
V  [jvm.dll+0x2fea28]
V  [jvm.dll+0x2ffb25]
V  [jvm.dll+0x7accd7]
V  [jvm.dll+0x7ae49f]
V  [jvm.dll+0x37d299]
V  [jvm.dll+0x78ef9f]
V  [jvm.dll+0x3ec847]
V  [jvm.dll+0x3eed31]
C  [jli.dll+0x52cb]
C  [ucrtbase.dll+0x29363]
C  [KERNEL32.DLL+0x1257d]
C  [ntdll.dll+0x5aa58]


---------------  P R O C E S S  ---------------

Threads class SMR info:
_java_thread_list=0x00000171cc8d6de0, length=0, elements={
}

Java Threads: ( => current thread )

Other Threads:
  0x00000171ceb57800 GCTaskThread "GC Thread#0" [stack: 0x000000116f600000,0x000000116f700000] [id=14016]
  0x00000171cebb6000 ConcurrentGCThread "G1 Main Marker" [stack: 0x000000116f700000,0x000000116f800000] [id=20912]
  0x00000171cebba000 ConcurrentGCThread "G1 Conc#0" [stack: 0x000000116f800000,0x000000116f900000] [id=7116]

[error occurred during error reporting (printing all threads), id 0xc0000005, EXCEPTION_ACCESS_VIOLATION (0xc0000005) at pc=0x00007ff95cb1f3e7]

VM state:not at safepoint (not fully initialized)

VM Mutex/Monitor currently owned by a thread:  ([mutex/lock_event])
[0x00000171ceb3d050] Heap_lock - owner thread: 0x00000171ceb3f800

Heap address: 0x0000000702600000, size: 4058 MB, Compressed Oops mode: Non-zero based: 0x0000000702600000
Narrow klass base: 0x0000000000000000, Narrow klass shift: 0

GC Heap History (0 events):
No events

Deoptimization events (0 events):
No events

Classes redefined (0 events):
No events

Internal exceptions (0 events):
No events

Events (1 events):
Event: 0.008 Loaded shared library C:\Program Files\Android\Android Studio\jbr\bin\zip.dll


Dynamic libraries:
0x00007ff62d840000 - 0x00007ff62d84a000 	C:\Program Files\Android\Android Studio\jbr\bin\java.EXE
0x00007ffa1eb50000 - 0x00007ffa1ed67000 	C:\WINDOWS\SYSTEM32\ntdll.dll
0x00007ffa1d8c0000 - 0x00007ffa1d984000 	C:\WINDOWS\System32\KERNEL32.DLL
0x00007ffa1c100000 - 0x00007ffa1c4a6000 	C:\WINDOWS\System32\KERNELBASE.dll
0x00007ffa1bf60000 - 0x00007ffa1c071000 	C:\WINDOWS\System32\ucrtbase.dll
0x00007ffa16800000 - 0x00007ffa16817000 	C:\Program Files\Android\Android Studio\jbr\bin\jli.dll
0x00007ffa002e0000 - 0x00007ffa002fb000 	C:\Program Files\Android\Android Studio\jbr\bin\VCRUNTIME140.dll
0x00007ffa1d350000 - 0x00007ffa1d4fe000 	C:\WINDOWS\System32\USER32.dll
0x00007ffa1c640000 - 0x00007ffa1c666000 	C:\WINDOWS\System32\win32u.dll
0x00007ff9fc9e0000 - 0x00007ff9fcc73000 	C:\WINDOWS\WinSxS\amd64_microsoft.windows.common-controls_6595b64144ccf1df_6.0.22621.2506_none_270c5ae97388e100\COMCTL32.dll
0x00007ffa1d660000 - 0x00007ffa1d689000 	C:\WINDOWS\System32\GDI32.dll
0x00007ffa1c4b0000 - 0x00007ffa1c5c8000 	C:\WINDOWS\System32\gdi32full.dll
0x00007ffa1d790000 - 0x00007ffa1d837000 	C:\WINDOWS\System32\msvcrt.dll
0x00007ffa1bec0000 - 0x00007ffa1bf5a000 	C:\WINDOWS\System32\msvcp_win.dll
0x00007ffa1d500000 - 0x00007ffa1d531000 	C:\WINDOWS\System32\IMM32.DLL
0x00007ffa16e50000 - 0x00007ffa16e5c000 	C:\Program Files\Android\Android Studio\jbr\bin\vcruntime140_1.dll
0x00007ff9b80d0000 - 0x00007ff9b815d000 	C:\Program Files\Android\Android Studio\jbr\bin\msvcp140.dll
0x00007ff95c810000 - 0x00007ff95d3cc000 	C:\Program Files\Android\Android Studio\jbr\bin\server\jvm.dll
0x00007ffa1c8a0000 - 0x00007ffa1c951000 	C:\WINDOWS\System32\ADVAPI32.dll
0x00007ffa1d540000 - 0x00007ffa1d5e5000 	C:\WINDOWS\System32\sechost.dll
0x00007ffa1cfc0000 - 0x00007ffa1d0d7000 	C:\WINDOWS\System32\RPCRT4.dll
0x00007ffa1d600000 - 0x00007ffa1d608000 	C:\WINDOWS\System32\PSAPI.DLL
0x00007ffa0aa40000 - 0x00007ffa0aa49000 	C:\WINDOWS\SYSTEM32\WSOCK32.dll
0x00007ffa14ef0000 - 0x00007ffa14f24000 	C:\WINDOWS\SYSTEM32\WINMM.dll
0x00007ffa1c970000 - 0x00007ffa1c9e1000 	C:\WINDOWS\System32\WS2_32.dll
0x00007ffa13910000 - 0x00007ffa1391a000 	C:\WINDOWS\SYSTEM32\VERSION.dll
0x00007ffa1ae80000 - 0x00007ffa1ae98000 	C:\WINDOWS\SYSTEM32\kernel.appcore.dll
0x00007ffa00a50000 - 0x00007ffa00a60000 	C:\Program Files\Android\Android Studio\jbr\bin\verify.dll
0x00007ffa19180000 - 0x00007ffa193b3000 	C:\WINDOWS\SYSTEM32\DBGHELP.DLL
0x00007ffa1db50000 - 0x00007ffa1ded9000 	C:\WINDOWS\System32\combase.dll
0x00007ffa1e950000 - 0x00007ffa1ea27000 	C:\WINDOWS\System32\OLEAUT32.dll
0x00007ff9f61a0000 - 0x00007ff9f61d2000 	C:\WINDOWS\SYSTEM32\dbgcore.DLL
0x00007ffa1c080000 - 0x00007ffa1c0fa000 	C:\WINDOWS\System32\bcryptPrimitives.dll
0x00007ff9f3100000 - 0x00007ff9f3128000 	C:\Program Files\Android\Android Studio\jbr\bin\java.dll
0x00007ffa00a40000 - 0x00007ffa00a4a000 	C:\Program Files\Android\Android Studio\jbr\bin\jimage.dll
0x00007ff9eabc0000 - 0x00007ff9eabd8000 	C:\Program Files\Android\Android Studio\jbr\bin\zip.dll

dbghelp: loaded successfully - version: 4.0.5 - missing functions: none
symbol engine: initialized successfully - sym options: 0x614 - pdb path: .;C:\Program Files\Android\Android Studio\jbr\bin;C:\WINDOWS\SYSTEM32;C:\WINDOWS\WinSxS\amd64_microsoft.windows.common-controls_6595b64144ccf1df_6.0.22621.2506_none_270c5ae97388e100;C:\Program Files\Android\Android Studio\jbr\bin\server

VM Arguments:
java_command: <unknown>
java_class_path (initial): <not set>
Launcher Type: SUN_STANDARD

[Global flags]
     intx CICompilerCount                          = 4                                         {product} {ergonomic}
     uint ConcGCThreads                            = 2                                         {product} {ergonomic}
     uint G1ConcRefinementThreads                  = 8                                         {product} {ergonomic}
   size_t G1HeapRegionSize                         = 1048576                                   {product} {ergonomic}
    uintx GCDrainStackTargetSize                   = 64                                        {product} {ergonomic}
   size_t InitialHeapSize                          = 266338304                                 {product} {ergonomic}
   size_t MarkStackSize                            = 4194304                                   {product} {ergonomic}
   size_t MaxHeapSize                              = 4255121408                                {product} {ergonomic}
   size_t MinHeapDeltaBytes                        = 1048576                                   {product} {ergonomic}
    uintx NonNMethodCodeHeapSize                   = 5836300                                {pd product} {ergonomic}
    uintx NonProfiledCodeHeapSize                  = 122910970                              {pd product} {ergonomic}
    uintx ProfiledCodeHeapSize                     = 122910970                              {pd product} {ergonomic}
    uintx ReservedCodeCacheSize                    = 251658240                              {pd product} {ergonomic}
     bool SegmentedCodeCache                       = true                                      {product} {ergonomic}
     bool UseCompressedClassPointers               = true                                 {lp64_product} {ergonomic}
     bool UseCompressedOops                        = true                                 {lp64_product} {ergonomic}
     bool UseG1GC                                  = true                                      {product} {ergonomic}
     bool UseLargePagesIndividualAllocation        = false                                  {pd product} {ergonomic}

Logging:
Log output configuration:
 #0: stdout all=warning uptime,level,tags
 #1: stderr all=off uptime,level,tags

Environment Variables:
PATH=C:\Program Files\Common Files\Oracle\Java\javapath;C:\Program Files (x86)\Common Files\Oracle\Java\javapath;C:\Program Files\NVIDIA GPU Computing Toolkit\CUDA\v11.7\bin;C:\Program Files\NVIDIA GPU Computing Toolkit\CUDA\v11.7\libnvvp;C:\WINDOWS\system32;C:\WINDOWS;C:\WINDOWS\System32\Wbem;C:\WINDOWS\System32\WindowsPowerShell\v1.0\;C:\WINDOWS\System32\OpenSSH\;C:\Program Files\NVIDIA Corporation\NVIDIA NvDLISR;C:\Program Files (x86)\NVIDIA Corporation\PhysX\Common;C:\Program Files\NVIDIA Corporation\Nsight Compute 2022.2.0\;C:\Program Files\Git\cmd;C:\WINDOWS\system32;C:\WINDOWS;C:\WINDOWS\System32\Wbem;C:\WINDOWS\System32\WindowsPowerShell\v1.0\;C:\WINDOWS\System32\OpenSSH\;C:\Python311\Scripts\;C:\Python311\;C:\Users\Gabeer\AppData\Local\Microsoft\WindowsApps;C:\Program Files\JetBrains\PyCharm 2022.3.2\bin;;C:\Program Files\JetBrains\PyCharm Community Edition 2022.3.2\bin;;C:\Users\Gabeer\AppData\Local\Programs\Microsoft VS Code\bin;C:\development\flutter\bin;;C:\development\flutter\bin\mingit\cmd;C:\development\flutter\bin\mingit\cmd
USERNAME=Gehad
OS=Windows_NT
PROCESSOR_IDENTIFIER=Intel64 Family 6 Model 158 Stepping 10, GenuineIntel



---------------  S Y S T E M  ---------------

OS: Windows 11 , 64 bit Build 22621 (10.0.22621.2506)
OS uptime: 0 days 5:51 hours
Hyper-V role detected

CPU:total 8 (initial active 8) (4 cores per cpu, 2 threads per core) family 6 model 158 stepping 10 microcode 0xde, cmov, cx8, fxsr, mmx, sse, sse2, sse3, ssse3, sse4.1, sse4.2, popcnt, avx, avx2, aes, clmul, erms, 3dnowpref, lzcnt, ht, tsc, tscinvbit, bmi1, bmi2, adx, fma

Memory: 4k page, system-wide physical 16225M (2475M free)
TotalPageFile size 29539M (AvailPageFile size 86M)
current process WorkingSet (physical memory assigned to process): 11M, peak: 11M
current process commit charge ("private bytes"): 60M, peak: 314M

vm_info: OpenJDK 64-Bit Server VM (11.0.15+0-b2043.56-9505619) for windows-amd64 JRE (11.0.15+0-b2043.56-9505619), built on Jan 19 2023 02:48:00 by "builduser" with unknown MS VC++:1929

END.
